[    1196ms] [WARNING] No available adapters. @ http://localhost:5173/:0
[    1343ms] [LOG] BJS - [07:43:15]: Babylon.js v7.54.3 - WebGL2 @ http://localhost:5173/node_modules/.vite/deps/chunk-OJJXGLTO.js?v=39c7de9a:44
[    1448ms] [WARNING] using deprecated parameters for the initialization function; pass a single object instead @ http://localhost:5173/node_modules/.vite/deps/@dimforge_rapier3d-compat.js?v=b5f5bfeb:2449
[    1480ms] [TIMEEND] [Bootstrap] Engine + Physics parallel init: 328.7509765625 ms @ http://localhost:5173/src/main.ts:17
[    1499ms] [LOG] [Accessibility] Settings loaded: {reducedMotion: false, shakeIntensity: 0.08, photosensitiveMode: false, enableFog: true, enableShadows: true} Accessibility: {reducedMotion: false, cameraShakeEnabled: true, flashFrequencyMax: 2, scanlineIntensity: 0.25, effectIntensity: 1} @ http://localhost:5173/src/game.ts:224
[    1590ms] [LOG] [GameRenderer] Room environment created @ http://localhost:5173/src/game/game-renderer.ts:273
[    1591ms] [LOG] [GameRenderer] ResizeObserver initialized @ http://localhost:5173/src/game/game-renderer.ts:289
[    1612ms] [LOG] [SceneOptimizer] Adaptive quality optimizer started (target: 55 fps) @ http://localhost:5173/src/game/game-renderer.ts:319
[    1621ms] [LOG] [GameRenderer] Canvas resized: 419x461 @ http://localhost:5173/src/game/game-renderer.ts:284
[    1673ms] [ERROR] Failed to load resource: net::ERR_CONNECTION_REFUSED @ http://localhost:8000/api/maps:0
[    1674ms] [WARNING] [API] Failed to fetch /maps (attempt 1/3): TypeError: Failed to fetch
    at apiFetch (http://localhost:5173/src/config.ts:76:30)
    at MapSystem.fetchMaps (http://localhost:5173/src/game-elements/map-system.ts:39:24)
    at MapSystem.doFetch (http://localhost:5173/src/game-elements/map-system.ts:27:12)
    at MapSystem.fetchAll (http://localhost:5173/src/game-elements/map-system.ts:22:29)
    at GameSettingsUI.setupMapSelector (http://localhost:5173/src/game/game-settings-ui.ts:133:27)
    at Game.init (http://localhost:5173/src/game.ts:253:27)
    at bootstrap (http://localhost:5173/src/main.ts:22:14) @ http://localhost:5173/src/config.ts:86
[    1676ms] [ERROR] Failed to load resource: net::ERR_CONNECTION_REFUSED @ http://localhost:8000/api/music:0
[    1676ms] [WARNING] [API] Failed to fetch /music (attempt 1/3): TypeError: Failed to fetch
    at apiFetch (http://localhost:5173/src/config.ts:76:30)
    at MapSystem.fetchMusic (http://localhost:5173/src/game-elements/map-system.ts:68:24)
    at MapSystem.doFetch (http://localhost:5173/src/game-elements/map-system.ts:28:12)
    at MapSystem.fetchAll (http://localhost:5173/src/game-elements/map-system.ts:22:29)
    at GameSettingsUI.setupMapSelector (http://localhost:5173/src/game/game-settings-ui.ts:133:27)
    at Game.init (http://localhost:5173/src/game.ts:253:27)
    at bootstrap (http://localhost:5173/src/main.ts:22:14) @ http://localhost:5173/src/config.ts:86
[    1676ms] [ERROR] Failed to load resource: net::ERR_CONNECTION_REFUSED @ http://localhost:8000/api/music:0
[    1676ms] [WARNING] [API] Failed to fetch /music (attempt 1/3): TypeError: Failed to fetch
    at apiFetch (http://localhost:5173/src/config.ts:76:30)
    at SoundSystem.fetchMusicTracks (http://localhost:5173/src/game-elements/sound-system.ts:219:24)
    at GameSettingsUI.setupMapSelector (http://localhost:5173/src/game/game-settings-ui.ts:134:29)
    at Game.init (http://localhost:5173/src/game.ts:253:27)
    at bootstrap (http://localhost:5173/src/main.ts:22:14) @ http://localhost:5173/src/config.ts:86
[    1904ms] [ERROR] Failed to load resource: net::ERR_CONNECTION_REFUSED @ http://localhost:8000/api/maps:0
[    1904ms] [WARNING] [API] Failed to fetch /maps (attempt 2/3): TypeError: Failed to fetch
    at apiFetch (http://localhost:5173/src/config.ts:76:30)
    at async MapSystem.fetchMaps (http://localhost:5173/src/game-elements/map-system.ts:39:18)
    at async Promise.all (index 0)
    at async MapSystem.doFetch (http://localhost:5173/src/game-elements/map-system.ts:26:31)
    at async Promise.all (index 0)
    at async GameSettingsUI.setupMapSelector (http://localhost:5173/src/game/game-settings-ui.ts:132:5)
    at async Game.init (http://localhost:5173/src/game.ts:253:5)
    at async bootstrap (http://localhost:5173/src/main.ts:22:3) @ http://localhost:5173/src/config.ts:86
[    1925ms] [ERROR] Failed to load resource: net::ERR_CONNECTION_REFUSED @ http://localhost:8000/api/music:0
[    1925ms] [WARNING] [API] Failed to fetch /music (attempt 2/3): TypeError: Failed to fetch
    at apiFetch (http://localhost:5173/src/config.ts:76:30)
    at async MapSystem.fetchMusic (http://localhost:5173/src/game-elements/map-system.ts:68:18)
    at async Promise.all (index 1)
    at async MapSystem.doFetch (http://localhost:5173/src/game-elements/map-system.ts:26:31)
    at async Promise.all (index 0)
    at async GameSettingsUI.setupMapSelector (http://localhost:5173/src/game/game-settings-ui.ts:132:5)
    at async Game.init (http://localhost:5173/src/game.ts:253:5)
    at async bootstrap (http://localhost:5173/src/main.ts:22:3) @ http://localhost:5173/src/config.ts:86
[    1928ms] [ERROR] Failed to load resource: net::ERR_CONNECTION_REFUSED @ http://localhost:8000/api/music:0
[    1930ms] [WARNING] [API] Failed to fetch /music (attempt 2/3): TypeError: Failed to fetch
    at apiFetch (http://localhost:5173/src/config.ts:76:30)
    at async SoundSystem.fetchMusicTracks (http://localhost:5173/src/game-elements/sound-system.ts:219:18)
    at async Promise.all (index 1)
    at async GameSettingsUI.setupMapSelector (http://localhost:5173/src/game/game-settings-ui.ts:132:5)
    at async Game.init (http://localhost:5173/src/game.ts:253:5)
    at async bootstrap (http://localhost:5173/src/main.ts:22:3) @ http://localhost:5173/src/config.ts:86
[    2110ms] [ERROR] Failed to load resource: net::ERR_CONNECTION_REFUSED @ http://localhost:8000/api/maps:0
[    2110ms] [WARNING] [API] Failed to fetch /maps (attempt 3/3): TypeError: Failed to fetch
    at apiFetch (http://localhost:5173/src/config.ts:76:30)
    at async MapSystem.fetchMaps (http://localhost:5173/src/game-elements/map-system.ts:39:18)
    at async Promise.all (index 0)
    at async MapSystem.doFetch (http://localhost:5173/src/game-elements/map-system.ts:26:31)
    at async Promise.all (index 0)
    at async GameSettingsUI.setupMapSelector (http://localhost:5173/src/game/game-settings-ui.ts:132:5)
    at async Game.init (http://localhost:5173/src/game.ts:253:5)
    at async bootstrap (http://localhost:5173/src/main.ts:22:3) @ http://localhost:5173/src/config.ts:86
[    2110ms] [ERROR] [API] Max retries exceeded for /maps: TypeError: Failed to fetch
    at apiFetch (http://localhost:5173/src/config.ts:76:30)
    at async MapSystem.fetchMaps (http://localhost:5173/src/game-elements/map-system.ts:39:18)
    at async Promise.all (index 0)
    at async MapSystem.doFetch (http://localhost:5173/src/game-elements/map-system.ts:26:31)
    at async Promise.all (index 0)
    at async GameSettingsUI.setupMapSelector (http://localhost:5173/src/game/game-settings-ui.ts:132:5)
    at async Game.init (http://localhost:5173/src/game.ts:253:5)
    at async bootstrap (http://localhost:5173/src/main.ts:22:3) @ http://localhost:5173/src/config.ts:93
[    2111ms] [WARNING] [MapSystem] Backend maps unavailable, using hardcoded maps @ http://localhost:5173/src/game-elements/map-system.ts:40
[    2135ms] [ERROR] Failed to load resource: net::ERR_CONNECTION_REFUSED @ http://localhost:8000/api/music:0
[    2135ms] [WARNING] [API] Failed to fetch /music (attempt 3/3): TypeError: Failed to fetch
    at apiFetch (http://localhost:5173/src/config.ts:76:30)
    at async MapSystem.fetchMusic (http://localhost:5173/src/game-elements/map-system.ts:68:18)
    at async Promise.all (index 1)
    at async MapSystem.doFetch (http://localhost:5173/src/game-elements/map-system.ts:26:31)
    at async Promise.all (index 0)
    at async GameSettingsUI.setupMapSelector (http://localhost:5173/src/game/game-settings-ui.ts:132:5)
    at async Game.init (http://localhost:5173/src/game.ts:253:5)
    at async bootstrap (http://localhost:5173/src/main.ts:22:3) @ http://localhost:5173/src/config.ts:86
[    2136ms] [ERROR] [API] Max retries exceeded for /music: TypeError: Failed to fetch
    at apiFetch (http://localhost:5173/src/config.ts:76:30)
    at async MapSystem.fetchMusic (http://localhost:5173/src/game-elements/map-system.ts:68:18)
    at async Promise.all (index 1)
    at async MapSystem.doFetch (http://localhost:5173/src/game-elements/map-system.ts:26:31)
    at async Promise.all (index 0)
    at async GameSettingsUI.setupMapSelector (http://localhost:5173/src/game/game-settings-ui.ts:132:5)
    at async Game.init (http://localhost:5173/src/game.ts:253:5)
    at async bootstrap (http://localhost:5173/src/main.ts:22:3) @ http://localhost:5173/src/config.ts:93
[    2136ms] [WARNING] [MapSystem] Backend music unavailable @ http://localhost:5173/src/game-elements/map-system.ts:69
[    2136ms] [ERROR] Failed to load resource: net::ERR_CONNECTION_REFUSED @ http://localhost:8000/api/music:0
[    2136ms] [WARNING] [API] Failed to fetch /music (attempt 3/3): TypeError: Failed to fetch
    at apiFetch (http://localhost:5173/src/config.ts:76:30)
    at async SoundSystem.fetchMusicTracks (http://localhost:5173/src/game-elements/sound-system.ts:219:18)
    at async Promise.all (index 1)
    at async GameSettingsUI.setupMapSelector (http://localhost:5173/src/game/game-settings-ui.ts:132:5)
    at async Game.init (http://localhost:5173/src/game.ts:253:5)
    at async bootstrap (http://localhost:5173/src/main.ts:22:3) @ http://localhost:5173/src/config.ts:86
[    2137ms] [ERROR] [API] Max retries exceeded for /music: TypeError: Failed to fetch
    at apiFetch (http://localhost:5173/src/config.ts:76:30)
    at async SoundSystem.fetchMusicTracks (http://localhost:5173/src/game-elements/sound-system.ts:219:18)
    at async Promise.all (index 1)
    at async GameSettingsUI.setupMapSelector (http://localhost:5173/src/game/game-settings-ui.ts:132:5)
    at async Game.init (http://localhost:5173/src/game.ts:253:5)
    at async bootstrap (http://localhost:5173/src/main.ts:22:3) @ http://localhost:5173/src/config.ts:93
[    2157ms] [LOG] [Display] Slot machine configured {activationMode: hybrid, chancePercent: 0.3, scoreThreshold: 10000, enableSounds: true, enableLightEffects: true} @ http://localhost:5173/src/display/display-core.ts:190
[    2157ms] [LOG] [Display] Slot event callback set @ http://localhost:5173/src/display/display-core.ts:196
[    2239ms] [LOG] [Cabinet] Built Classic Pinball cabinet @ http://localhost:5173/src/cabinet/cabinet-builder.ts:114
[    2239ms] [LOG] [Cabinet] Loaded preset: Classic Pinball @ http://localhost:5173/src/cabinet/cabinet-builder.ts:64
[    2289ms] [LOG] [GameSceneBuilder] LCD playfield created @ http://localhost:5173/src/game/game-scene-builder.ts:63
[    2360ms] [LOG] [Game] LCD table post-process initialized @ http://localhost:5173/src/game.ts:588
[    2690ms] [LOG] [Input] Gamepad support enabled @ http://localhost:5173/src/game-elements/input.ts:81
[    2692ms] [TIMEEND] [Bootstrap] Game init: 1211.212890625 ms @ http://localhost:5173/src/main.ts:23
[    2692ms] [TIMEEND] [Bootstrap] Total initialization: 1540.333984375 ms @ http://localhost:5173/src/main.ts:24
[    2692ms] [LOG] [Bootstrap] Physics WASM preloading completed successfully @ http://localhost:5173/src/main.ts:25
[    2692ms] [LOG] [Resize] ResizeObserver setup complete @ http://localhost:5173/src/main.ts:49
[    2888ms] [LOG] [Resize] Canvas resized: 419 x 461 @ http://localhost:5173/src/main.ts:40
[    7551ms] [ERROR] Failed to load resource: net::ERR_CONNECTION_REFUSED @ http://localhost:8000/api/samples:0
[    7551ms] [WARNING] [SoundSystem] Failed to load samples: TypeError: Failed to fetch
    at SoundSystem.loadSamples (http://localhost:5173/src/game-elements/sound-system.ts:144:30)
    at SoundSystem.doInit (http://localhost:5173/src/game-elements/sound-system.ts:92:18)
    at SoundSystem.init (http://localhost:5173/src/game-elements/sound-system.ts:64:29)
    at GameLifecycle.startGame (http://localhost:5173/src/game/game-lifecycle.ts:89:33)
    at Game.startGame (http://localhost:5173/src/game.ts:642:27)
    at HTMLButtonElement.<anonymous> (http://localhost:5173/src/game.ts:214:80)
    at eval (eval at <anonymous> (eval at evaluate (:302:30)), <anonymous>:1:75)
    at eval (eval at evaluate (:302:30), <anonymous>:4:50)
    at UtilityScript.evaluate (<anonymous>:304:16)
    at UtilityScript.<anonymous> (<anonymous>:1:44) @ http://localhost:5173/src/game-elements/sound-system.ts:156
[   25448ms] [LOG] [SoundSystem] Initialized successfully @ http://localhost:5173/src/game-elements/sound-system.ts:94
[   25452ms] [WARNING] [SoundSystem] No samples in category: launch @ http://localhost:5173/src/game-elements/sound-system.ts:186
[   25453ms] [LOG] [Game] State changed: MENU -> PLAYING @ http://localhost:5173/src/game.ts:257
[   26038ms] [ERROR] Failed to load resource: net::ERR_CONNECTION_REFUSED @ http://localhost:8000/api/music?map_id=1:0
[   26038ms] [WARNING] [API] Failed to fetch /music?map_id=1 (attempt 1/3): TypeError: Failed to fetch
    at apiFetch (http://localhost:5173/src/config.ts:76:30)
    at SoundSystem.playMapMusic (http://localhost:5173/src/game-elements/sound-system.ts:241:28)
    at GameLifecycle.startGame (http://localhost:5173/src/game/game-lifecycle.ts:91:27) @ http://localhost:5173/src/config.ts:86
[   27264ms] [ERROR] Failed to load resource: net::ERR_CONNECTION_REFUSED @ http://localhost:8000/api/music?map_id=1:0
[   27266ms] [WARNING] [API] Failed to fetch /music?map_id=1 (attempt 2/3): TypeError: Failed to fetch
    at apiFetch (http://localhost:5173/src/config.ts:76:30)
    at async SoundSystem.playMapMusic (http://localhost:5173/src/game-elements/sound-system.ts:241:22) @ http://localhost:5173/src/config.ts:86
[   27498ms] [ERROR] Failed to load resource: net::ERR_CONNECTION_REFUSED @ http://localhost:8000/api/music?map_id=1:0
[   27498ms] [WARNING] [API] Failed to fetch /music?map_id=1 (attempt 3/3): TypeError: Failed to fetch
    at apiFetch (http://localhost:5173/src/config.ts:76:30)
    at async SoundSystem.playMapMusic (http://localhost:5173/src/game-elements/sound-system.ts:241:22) @ http://localhost:5173/src/config.ts:86
[   27498ms] [ERROR] [API] Max retries exceeded for /music?map_id=1: TypeError: Failed to fetch
    at apiFetch (http://localhost:5173/src/config.ts:76:30)
    at async SoundSystem.playMapMusic (http://localhost:5173/src/game-elements/sound-system.ts:241:22) @ http://localhost:5173/src/config.ts:93
[   27498ms] [WARNING] [SoundSystem] No music for map: 1 @ http://localhost:5173/src/game-elements/sound-system.ts:243
[   31707ms] [WARNING] [SoundSystem] No samples in category: launch @ http://localhost:5173/src/game-elements/sound-system.ts:186
[   33604ms] [LOG] [Performance] Runtime tier changed → medium (FPS: 47.4) @ http://localhost:5173/src/effects/effects-core.ts:488
[   52766ms] [LOG] [vite] server connection lost. Polling for restart... @ http://localhost:5173/@vite/client:864
